<?xml version="1.0" encoding="UTF-8"?>
<!-- Generated by org.testng.reporters.JUnitReportReporter -->
<testsuite hostname="CYF-LAP-03" failures="0" tests="6" name="CloudAutomation.Cyfuture.ForgotpasswordTest" time="62.610" errors="0" timestamp="2022-02-22T11:58:49 IST" skipped="0">
  <testcase classname="CloudAutomation.Cyfuture.ForgotpasswordTest" name="RegisterEmail" time="18.231"/>
  <system-out/>
  <testcase classname="CloudAutomation.Cyfuture.ForgotpasswordTest" name="UnRegisterEmail" time="10.579"/>
  <system-out/>
  <testcase classname="CloudAutomation.Cyfuture.ForgotpasswordTest" name="InvalidEmail" time="8.503"/>
  <system-out/>
  <testcase classname="CloudAutomation.Cyfuture.ForgotpasswordTest" name="InvalidEmail1" time="8.441"/>
  <system-out/>
  <testcase classname="CloudAutomation.Cyfuture.ForgotpasswordTest" name="InvalidEmail2" time="8.423"/>
  <system-out/>
  <testcase classname="CloudAutomation.Cyfuture.ForgotpasswordTest" name="blankEmail" time="8.433"/>
  <system-out/>
</testsuite> <!-- CloudAutomation.Cyfuture.ForgotpasswordTest -->
